Determining if the pthread_create exist failed with the following output:
Change Dir: /home/elvis/work/cp/PL0/cmake-build-debug/CMakeFiles/CMakeTmp

Run Build Command:"/usr/bin/gmake" "cmTC_72507/fast"
/usr/bin/gmake -f CMakeFiles/cmTC_72507.dir/build.make CMakeFiles/cmTC_72507.dir/build
gmake[1]: Entering directory '/home/elvis/work/cp/PL0/cmake-build-debug/CMakeFiles/CMakeTmp'
Building CXX object CMakeFiles/cmTC_72507.dir/CheckSymbolExists.cxx.o
/usr/bin/c++     -o CMakeFiles/cmTC_72507.dir/CheckSymbolExists.cxx.o -c /home/elvis/work/cp/PL0/cmake-build-debug/CMakeFiles/CMakeTmp/CheckSymbolExists.cxx
Linking CXX executable cmTC_72507
/usr/bin/cmake -E cmake_link_script CMakeFiles/cmTC_72507.dir/link.txt --verbose=1
/usr/bin/c++       CMakeFiles/cmTC_72507.dir/CheckSymbolExists.cxx.o  -o cmTC_72507 
CMakeFiles/cmTC_72507.dir/CheckSymbolExists.cxx.o: In function `main':
CheckSymbolExists.cxx:(.text+0x1b): undefined reference to `pthread_create'
collect2: error: ld returned 1 exit status
gmake[1]: *** [CMakeFiles/cmTC_72507.dir/build.make:98: cmTC_72507] Error 1
gmake[1]: Leaving directory '/home/elvis/work/cp/PL0/cmake-build-debug/CMakeFiles/CMakeTmp'
gmake: *** [Makefile:126: cmTC_72507/fast] Error 2

File /home/elvis/work/cp/PL0/cmake-build-debug/CMakeFiles/CMakeTmp/CheckSymbolExists.cxx:
/* */
#include <pthread.h>

int main(int argc, char** argv)
{
  (void)argv;
#ifndef pthread_create
  return ((int*)(&pthread_create))[argc];
#else
  (void)argc;
  return 0;
#endif
}

Determining if the function pthread_create exists in the pthreads failed with the following output:
Change Dir: /home/elvis/work/cp/PL0/cmake-build-debug/CMakeFiles/CMakeTmp

Run Build Command:"/usr/bin/gmake" "cmTC_791fc/fast"
/usr/bin/gmake -f CMakeFiles/cmTC_791fc.dir/build.make CMakeFiles/cmTC_791fc.dir/build
gmake[1]: Entering directory '/home/elvis/work/cp/PL0/cmake-build-debug/CMakeFiles/CMakeTmp'
Building CXX object CMakeFiles/cmTC_791fc.dir/CheckFunctionExists.cxx.o
/usr/bin/c++    -DCHECK_FUNCTION_EXISTS=pthread_create   -o CMakeFiles/cmTC_791fc.dir/CheckFunctionExists.cxx.o -c /home/elvis/work/cp/PL0/cmake-build-debug/CMakeFiles/CheckLibraryExists/CheckFunctionExists.cxx
Linking CXX executable cmTC_791fc
/usr/bin/cmake -E cmake_link_script CMakeFiles/cmTC_791fc.dir/link.txt --verbose=1
/usr/bin/c++   -DCHECK_FUNCTION_EXISTS=pthread_create    CMakeFiles/cmTC_791fc.dir/CheckFunctionExists.cxx.o  -o cmTC_791fc -lpthreads 
/usr/lib/gcc/x86_64-pc-linux-gnu/6.4.0/../../../../x86_64-pc-linux-gnu/bin/ld: cannot find -lpthreads
collect2: error: ld returned 1 exit status
gmake[1]: *** [CMakeFiles/cmTC_791fc.dir/build.make:98: cmTC_791fc] Error 1
gmake[1]: Leaving directory '/home/elvis/work/cp/PL0/cmake-build-debug/CMakeFiles/CMakeTmp'
gmake: *** [Makefile:126: cmTC_791fc/fast] Error 2


